#
# There is insufficient memory for the Java Runtime Environment to continue.
# Native memory allocation (malloc) failed to allocate 2598736 bytes for Chunk::new
# Possible reasons:
#   The system is out of physical RAM or swap space
#   In 32 bit mode, the process size limit was hit
# Possible solutions:
#   Reduce memory load on the system
#   Increase physical memory or swap space
#   Check if swap backing store is full
#   Use 64 bit Java on a 64 bit OS
#   Decrease Java heap size (-Xmx/-Xms)
#   Decrease number of Java threads
#   Decrease Java thread stack sizes (-Xss)
#   Set larger code cache with -XX:ReservedCodeCacheSize=
# This output file may be truncated or incomplete.
#
#  Out of Memory Error (allocation.cpp:390), pid=17952, tid=0x0000000000002ac0
#
# JRE version: Java(TM) SE Runtime Environment (8.0_141-b15) (build 1.8.0_141-b15)
# Java VM: Java HotSpot(TM) 64-Bit Server VM (25.141-b15 mixed mode windows-amd64 compressed oops)
# Failed to write core dump. Minidumps are not enabled by default on client versions of Windows
#

---------------  T H R E A D  ---------------

Current thread (0x000000001a4c8000):  JavaThread "C2 CompilerThread2" daemon [_thread_in_native, id=10944, stack(0x000000001ae60000,0x000000001af60000)]

Stack: [0x000000001ae60000,0x000000001af60000]
[error occurred during error reporting (printing stack bounds), id 0xc0000005]

Native frames: (J=compiled Java code, j=interpreted, Vv=VM code, C=native code)


Current CompileTask:
C2:  15941 4683       4       org.springframework.core.annotation.AnnotationsScanner::process (49 bytes)


---------------  P R O C E S S  ---------------

Java Threads: ( => current thread )
  0x000000001dbaa800 JavaThread "com.alibaba.nacos.client.Worker.longPolling.fixed-127.0.0.1_8848-b283b533-8478-4d97-a788-1815119a66e9" daemon [_thread_blocked, id=17840, stack(0x0000000023d40000,0x0000000023e40000)]
  0x000000001dbae800 JavaThread "com.alibaba.nacos.client.Worker.longPolling.fixed-127.0.0.1_8848-b283b533-8478-4d97-a788-1815119a66e9" daemon [_thread_in_native, id=18732, stack(0x0000000023c40000,0x0000000023d40000)]
  0x000000001c8e5800 JavaThread "ThreadPoolTaskScheduler-1" [_thread_blocked, id=5636, stack(0x0000000023b40000,0x0000000023c40000)]
  0x000000001c8e3000 JavaThread "com.alibaba.nacos.naming.push.receiver" daemon [_thread_in_native, id=13664, stack(0x0000000023a40000,0x0000000023b40000)]
  0x000000001c8e2800 JavaThread "com.alibaba.nacos.naming.failover" daemon [_thread_blocked, id=12412, stack(0x0000000023940000,0x0000000023a40000)]
  0x000000001c8e4000 JavaThread "com.alibaba.nacos.naming.client.listener" daemon [_thread_blocked, id=9164, stack(0x0000000023840000,0x0000000023940000)]
  0x000000001c8df800 JavaThread "spring.cloud.inetutils" daemon [_thread_in_native, id=18424, stack(0x0000000023460000,0x0000000023560000)]
  0x000000001c8e6000 JavaThread "Keep-Alive-Timer" daemon [_thread_blocked, id=15860, stack(0x0000000023360000,0x0000000023460000)]
  0x000000001c8e1800 JavaThread "Alicloud Unmanaged Report Thread" daemon [_thread_blocked, id=17892, stack(0x0000000021ec0000,0x0000000021fc0000)]
  0x000000001c8e4800 JavaThread "idle_connection_reaper" daemon [_thread_blocked, id=12972, stack(0x0000000021cc0000,0x0000000021dc0000)]
  0x000000001c8e0000 JavaThread "com.alibaba.nacos.client.Worker.fixed-127.0.0.1_8848-b283b533-8478-4d97-a788-1815119a66e9" daemon [_thread_blocked, id=15096, stack(0x00000000200f0000,0x00000000201f0000)]
  0x000000001c8e1000 JavaThread "Timer-0" daemon [_thread_blocked, id=17672, stack(0x000000001fff0000,0x00000000200f0000)]
  0x000000001c071000 JavaThread "logback-1" daemon [_thread_blocked, id=8536, stack(0x000000001fef0000,0x000000001fff0000)]
  0x000000001a5a4800 JavaThread "Service Thread" daemon [_thread_blocked, id=11628, stack(0x000000001b060000,0x000000001b160000)]
  0x000000001a4d3000 JavaThread "C1 CompilerThread3" daemon [_thread_blocked, id=7332, stack(0x000000001af60000,0x000000001b060000)]
=>0x000000001a4c8000 JavaThread "C2 CompilerThread2" daemon [_thread_in_native, id=10944, stack(0x000000001ae60000,0x000000001af60000)]
  0x000000001a4c0000 JavaThread "C2 CompilerThread1" daemon [_thread_in_native, id=14784, stack(0x000000001ad60000,0x000000001ae60000)]
  0x000000001a4b6000 JavaThread "C2 CompilerThread0" daemon [_thread_in_native, id=13656, stack(0x000000001ac60000,0x000000001ad60000)]
  0x000000001a499000 JavaThread "Monitor Ctrl-Break" daemon [_thread_in_native, id=6108, stack(0x000000001ab60000,0x000000001ac60000)]
  0x000000001a489000 JavaThread "Attach Listener" daemon [_thread_blocked, id=13052, stack(0x000000001aa50000,0x000000001ab50000)]
  0x000000001a432000 JavaThread "Signal Dispatcher" daemon [_thread_blocked, id=18816, stack(0x000000001a950000,0x000000001aa50000)]
  0x0000000018528000 JavaThread "Finalizer" daemon [_thread_blocked, id=6316, stack(0x000000001a7f0000,0x000000001a8f0000)]
  0x0000000018521000 JavaThread "Reference Handler" daemon [_thread_blocked, id=7644, stack(0x000000001a2f0000,0x000000001a3f0000)]
  0x000000000342b000 JavaThread "main" [_thread_in_vm, id=17544, stack(0x0000000003320000,0x0000000003420000)]

Other Threads:
  0x0000000018517800 VMThread [stack: 0x000000001a1f0000,0x000000001a2f0000] [id=8736]
  0x000000001a5ea800 WatcherThread [stack: 0x000000001b160000,0x000000001b260000] [id=16488]

VM state:not at safepoint (normal execution)

VM Mutex/Monitor currently owned by a thread: None

Heap:
 PSYoungGen      total 271360K, used 133287K [0x00000000d6200000, 0x00000000ee380000, 0x0000000100000000)
  eden space 259072K, 46% used [0x00000000d6200000,0x00000000dd82bb28,0x00000000e5f00000)
  from space 12288K, 99% used [0x00000000ed780000,0x00000000ee37e4b0,0x00000000ee380000)
  to   space 10752K, 0% used [0x00000000e5f00000,0x00000000e5f00000,0x00000000e6980000)
 ParOldGen       total 73728K, used 16823K [0x0000000082600000, 0x0000000086e00000, 0x00000000d6200000)
  object space 73728K, 22% used [0x0000000082600000,0x000000008366dc30,0x0000000086e00000)
 Metaspace       used 44061K, capacity 46762K, committed 46848K, reserved 1089536K
  class space    used 5943K, capacity 6385K, committed 6400K, reserved 1048576K

Card table byte_map: [0x00000000129e0000,0x0000000012dd0000] byte_map_base: 0x00000000125cd000

Marking Bits: (ParMarkBitMap*) 0x0000000075b9d850
 Begin Bits: [0x0000000013870000, 0x00000000157d8000)
 End Bits:   [0x00000000157d8000, 0x0000000017740000)

Polling page: 0x0000000001760000

CodeCache: size=245760Kb used=14298Kb max_used=15102Kb free=231461Kb
 bounds [0x0000000003620000, 0x00000000044f0000, 0x0000000012620000]
 total_blobs=4551 nmethods=4064 adapters=399
 compilation: enabled

Compilation events (10 events):
Event: 15.867 Thread 0x000000001a4d3000 nmethod 4732 0x0000000003c4b890 code [0x0000000003c4b9e0, 0x0000000003c4bb90]
Event: 15.871 Thread 0x000000001a4b6000 4733       4       org.springframework.core.SerializableTypeWrapper::unwrap (34 bytes)
Event: 15.872 Thread 0x000000001a4b6000 nmethod 4733 0x00000000038c2a90 code [0x00000000038c2c00, 0x00000000038c2da8]
Event: 15.881 Thread 0x000000001a4d3000 4734       3       java.lang.CharacterData::of (120 bytes)
Event: 15.881 Thread 0x000000001a4d3000 nmethod 4734 0x0000000003a13f50 code [0x0000000003a14100, 0x0000000003a14610]
Event: 15.884 Thread 0x000000001a4b6000 4735   !   4       java.net.URL::<init> (543 bytes)
Event: 15.909 Thread 0x000000001a4d3000 4739       2       java.lang.String::regionMatches (149 bytes)
Event: 15.910 Thread 0x000000001a4d3000 nmethod 4739 0x0000000003bfcf90 code [0x0000000003bfd180, 0x0000000003bfd6b8]
Event: 15.911 Thread 0x000000001a4d3000 4740       2       java.lang.String::equalsIgnoreCase (48 bytes)
Event: 15.911 Thread 0x000000001a4d3000 nmethod 4740 0x0000000003af5890 code [0x0000000003af5a00, 0x0000000003af5be8]

GC Heap History (10 events):
Event: 3.297 GC heap before
{Heap before GC invocations=6 (full 1):
 PSYoungGen      total 136192K, used 5089K [0x00000000d6200000, 0x00000000e7400000, 0x0000000100000000)
  eden space 131072K, 0% used [0x00000000d6200000,0x00000000d6200000,0x00000000de200000)
  from space 5120K, 99% used [0x00000000de200000,0x00000000de6f87f8,0x00000000de700000)
  to   space 9216K, 0% used [0x00000000e6b00000,0x00000000e6b00000,0x00000000e7400000)
 ParOldGen       total 86016K, used 6244K [0x0000000082600000, 0x0000000087a00000, 0x00000000d6200000)
  object space 86016K, 7% used [0x0000000082600000,0x0000000082c190b0,0x0000000087a00000)
 Metaspace       used 19936K, capacity 21174K, committed 21296K, reserved 1067008K
  class space    used 2579K, capacity 2859K, committed 2944K, reserved 1048576K
Event: 3.337 GC heap after
Heap after GC invocations=6 (full 1):
 PSYoungGen      total 136192K, used 0K [0x00000000d6200000, 0x00000000e7400000, 0x0000000100000000)
  eden space 131072K, 0% used [0x00000000d6200000,0x00000000d6200000,0x00000000de200000)
  from space 5120K, 0% used [0x00000000de200000,0x00000000de200000,0x00000000de700000)
  to   space 9216K, 0% used [0x00000000e6b00000,0x00000000e6b00000,0x00000000e7400000)
 ParOldGen       total 51200K, used 6614K [0x0000000082600000, 0x0000000085800000, 0x00000000d6200000)
  object space 51200K, 12% used [0x0000000082600000,0x0000000082c75bb8,0x0000000085800000)
 Metaspace       used 19936K, capacity 21174K, committed 21296K, reserved 1067008K
  class space    used 2579K, capacity 2859K, committed 2944K, reserved 1048576K
}
Event: 6.711 GC heap before
{Heap before GC invocations=7 (full 1):
 PSYoungGen      total 136192K, used 131072K [0x00000000d6200000, 0x00000000e7400000, 0x0000000100000000)
  eden space 131072K, 100% used [0x00000000d6200000,0x00000000de200000,0x00000000de200000)
  from space 5120K, 0% used [0x00000000de200000,0x00000000de200000,0x00000000de700000)
  to   space 9216K, 0% used [0x00000000e6b00000,0x00000000e6b00000,0x00000000e7400000)
 ParOldGen       total 51200K, used 6614K [0x0000000082600000, 0x0000000085800000, 0x00000000d6200000)
  object space 51200K, 12% used [0x0000000082600000,0x0000000082c75bb8,0x0000000085800000)
 Metaspace       used 28825K, capacity 30450K, committed 30592K, reserved 1075200K
  class space    used 3869K, capacity 4207K, committed 4224K, reserved 1048576K
Event: 6.723 GC heap after
Heap after GC invocations=7 (full 1):
 PSYoungGen      total 232960K, used 9215K [0x00000000d6200000, 0x00000000e7400000, 0x0000000100000000)
  eden space 223744K, 0% used [0x00000000d6200000,0x00000000d6200000,0x00000000e3c80000)
  from space 9216K, 99% used [0x00000000e6b00000,0x00000000e73ffd78,0x00000000e7400000)
  to   space 10752K, 0% used [0x00000000e5f00000,0x00000000e5f00000,0x00000000e6980000)
 ParOldGen       total 51200K, used 7025K [0x0000000082600000, 0x0000000085800000, 0x00000000d6200000)
  object space 51200K, 13% used [0x0000000082600000,0x0000000082cdc678,0x0000000085800000)
 Metaspace       used 28825K, capacity 30450K, committed 30592K, reserved 1075200K
  class space    used 3869K, capacity 4207K, committed 4224K, reserved 1048576K
}
Event: 8.555 GC heap before
{Heap before GC invocations=8 (full 1):
 PSYoungGen      total 232960K, used 144527K [0x00000000d6200000, 0x00000000e7400000, 0x0000000100000000)
  eden space 223744K, 60% used [0x00000000d6200000,0x00000000de624150,0x00000000e3c80000)
  from space 9216K, 99% used [0x00000000e6b00000,0x00000000e73ffd78,0x00000000e7400000)
  to   space 10752K, 0% used [0x00000000e5f00000,0x00000000e5f00000,0x00000000e6980000)
 ParOldGen       total 51200K, used 7025K [0x0000000082600000, 0x0000000085800000, 0x00000000d6200000)
  object space 51200K, 13% used [0x0000000082600000,0x0000000082cdc678,0x0000000085800000)
 Metaspace       used 33620K, capacity 35442K, committed 35496K, reserved 1079296K
  class space    used 4486K, capacity 4845K, committed 4864K, reserved 1048576K
Event: 8.563 GC heap after
Heap after GC invocations=8 (full 1):
 PSYoungGen      total 269824K, used 10183K [0x00000000d6200000, 0x00000000ee380000, 0x0000000100000000)
  eden space 259072K, 0% used [0x00000000d6200000,0x00000000d6200000,0x00000000e5f00000)
  from space 10752K, 94% used [0x00000000e5f00000,0x00000000e68f1d18,0x00000000e6980000)
  to   space 12288K, 0% used [0x00000000ed780000,0x00000000ed780000,0x00000000ee380000)
 ParOldGen       total 51200K, used 7033K [0x0000000082600000, 0x0000000085800000, 0x00000000d6200000)
  object space 51200K, 13% used [0x0000000082600000,0x0000000082cde678,0x0000000085800000)
 Metaspace       used 33620K, capacity 35442K, committed 35496K, reserved 1079296K
  class space    used 4486K, capacity 4845K, committed 4864K, reserved 1048576K
}
Event: 8.563 GC heap before
{Heap before GC invocations=9 (full 2):
 PSYoungGen      total 269824K, used 10183K [0x00000000d6200000, 0x00000000ee380000, 0x0000000100000000)
  eden space 259072K, 0% used [0x00000000d6200000,0x00000000d6200000,0x00000000e5f00000)
  from space 10752K, 94% used [0x00000000e5f00000,0x00000000e68f1d18,0x00000000e6980000)
  to   space 12288K, 0% used [0x00000000ed780000,0x00000000ed780000,0x00000000ee380000)
 ParOldGen       total 51200K, used 7033K [0x0000000082600000, 0x0000000085800000, 0x00000000d6200000)
  object space 51200K, 13% used [0x0000000082600000,0x0000000082cde678,0x0000000085800000)
 Metaspace       used 33620K, capacity 35442K, committed 35496K, reserved 1079296K
  class space    used 4486K, capacity 4845K, committed 4864K, reserved 1048576K
Event: 8.632 GC heap after
Heap after GC invocations=9 (full 2):
 PSYoungGen      total 269824K, used 0K [0x00000000d6200000, 0x00000000ee380000, 0x0000000100000000)
  eden space 259072K, 0% used [0x00000000d6200000,0x00000000d6200000,0x00000000e5f00000)
  from space 10752K, 0% used [0x00000000e5f00000,0x00000000e5f00000,0x00000000e6980000)
  to   space 12288K, 0% used [0x00000000ed780000,0x00000000ed780000,0x00000000ee380000)
 ParOldGen       total 73728K, used 14618K [0x0000000082600000, 0x0000000086e00000, 0x00000000d6200000)
  object space 73728K, 19% used [0x0000000082600000,0x0000000083446bf0,0x0000000086e00000)
 Metaspace       used 33620K, capacity 35442K, committed 35496K, reserved 1079296K
  class space    used 4486K, capacity 4845K, committed 4864K, reserved 1048576K
}
Event: 13.628 GC heap before
{Heap before GC invocations=10 (full 2):
 PSYoungGen      total 269824K, used 259072K [0x00000000d6200000, 0x00000000ee380000, 0x0000000100000000)
  eden space 259072K, 100% used [0x00000000d6200000,0x00000000e5f00000,0x00000000e5f00000)
  from space 10752K, 0% used [0x00000000e5f00000,0x00000000e5f00000,0x00000000e6980000)
  to   space 12288K, 0% used [0x00000000ed780000,0x00000000ed780000,0x00000000ee380000)
 ParOldGen       total 73728K, used 14618K [0x0000000082600000, 0x0000000086e00000, 0x00000000d6200000)
  object space 73728K, 19% used [0x0000000082600000,0x0000000083446bf0,0x0000000086e00000)
 Metaspace       used 41351K, capacity 43870K, committed 44160K, reserved 1087488K
  class space    used 5478K, capacity 5915K, committed 6016K, reserved 1048576K
Event: 13.650 GC heap after
Heap after GC invocations=10 (full 2):
 PSYoungGen      total 271360K, used 12281K [0x00000000d6200000, 0x00000000ee380000, 0x0000000100000000)
  eden space 259072K, 0% used [0x00000000d6200000,0x00000000d6200000,0x00000000e5f00000)
  from space 12288K, 99% used [0x00000000ed780000,0x00000000ee37e4b0,0x00000000ee380000)
  to   space 10752K, 0% used [0x00000000e5f00000,0x00000000e5f00000,0x00000000e6980000)
 ParOldGen       total 73728K, used 16823K [0x0000000082600000, 0x0000000086e00000, 0x00000000d6200000)
  object space 73728K, 22% used [0x0000000082600000,0x000000008366dc30,0x0000000086e00000)
 Metaspace       used 41351K, capacity 43870K, committed 44160K, reserved 1087488K
  class space    used 5478K, capacity 5915K, committed 6016K, reserved 1048576K
}

Deoptimization events (10 events):
Event: 11.939 Thread 0x000000001c8e1800 Uncommon trap: reason=unstable_if action=reinterpret pc=0x0000000004403704 method=java.util.Arrays.equals([B[B)Z @ 41
Event: 11.939 Thread 0x000000001c8e1800 Uncommon trap: reason=unstable_if action=reinterpret pc=0x0000000003e4fc3c method=java.lang.String.indexOf([CII[CIII)I @ 27
Event: 11.939 Thread 0x000000001c8e1800 Uncommon trap: reason=unstable_if action=reinterpret pc=0x0000000003bab0dc method=java.lang.String.indexOf([CII[CIII)I @ 27
Event: 11.939 Thread 0x000000001c8e1800 Uncommon trap: reason=unstable_if action=reinterpret pc=0x0000000003858130 method=java.lang.String.indexOf([CII[CIII)I @ 27
Event: 11.968 Thread 0x000000001c8e1800 Uncommon trap: reason=unstable_if action=reinterpret pc=0x0000000004238264 method=java.util.ArrayList.toArray([Ljava/lang/Object;)[Ljava/lang/Object; @ 48
Event: 13.499 Thread 0x000000000342b000 Uncommon trap: reason=unstable_if action=reinterpret pc=0x00000000041918a8 method=java.lang.Class$MethodArray.addIfNotPresent(Ljava/lang/reflect/Method;)V @ 19
Event: 15.351 Thread 0x000000000342b000 Uncommon trap: reason=unstable_if action=reinterpret pc=0x00000000043c5b1c method=sun.reflect.generics.reflectiveObjects.ParameterizedTypeImpl.<init>(Ljava/lang/Class;[Ljava/lang/reflect/Type;Ljava/lang/reflect/Type;)V @ 16
Event: 15.352 Thread 0x000000000342b000 Uncommon trap: reason=unstable_if action=reinterpret pc=0x00000000043edd24 method=sun.reflect.generics.reflectiveObjects.ParameterizedTypeImpl.<init>(Ljava/lang/Class;[Ljava/lang/reflect/Type;Ljava/lang/reflect/Type;)V @ 16
Event: 15.474 Thread 0x000000000342b000 Uncommon trap: reason=predicate action=maybe_recompile pc=0x0000000003a35268 method=java.lang.String.regionMatches(ZILjava/lang/String;II)Z @ 63
Event: 15.878 Thread 0x000000000342b000 Uncommon trap: reason=unstable_if action=reinterpret pc=0x000000000374fc00 method=java.lang.CharacterData.of(I)Ljava/lang/CharacterData; @ 4

Internal exceptions (10 events):
Event: 15.360 Thread 0x000000000342b000 Exception <a 'java/lang/ClassNotFoundException': java/lang/ObjectCustomizer> (0x00000000da1dce28) thrown at [C:\re\workspace\8-2-build-windows-amd64-cygwin\jdk8u141\9370\hotspot\src\share\vm\classfile\systemDictionary.cpp, line 210]
Event: 15.361 Thread 0x000000000342b000 Exception <a 'java/lang/ClassNotFoundException': org/springframework/cloud/context/named/NamedContextFactoryCustomizer> (0x00000000da213820) thrown at [C:\re\workspace\8-2-build-windows-amd64-cygwin\jdk8u141\9370\hotspot\src\share\vm\classfile\systemDicti
Event: 15.362 Thread 0x000000000342b000 Exception <a 'java/lang/ClassNotFoundException': org/springframework/cloud/openfeign/FeignContextCustomizer> (0x00000000da251480) thrown at [C:\re\workspace\8-2-build-windows-amd64-cygwin\jdk8u141\9370\hotspot\src\share\vm\classfile\systemDictionary.cpp, 
Event: 15.362 Thread 0x000000000342b000 Exception <a 'java/lang/ClassNotFoundException': org/springframework/beans/factory/DisposableBeanCustomizer> (0x00000000da2847a8) thrown at [C:\re\workspace\8-2-build-windows-amd64-cygwin\jdk8u141\9370\hotspot\src\share\vm\classfile\systemDictionary.cpp, 
Event: 15.363 Thread 0x000000000342b000 Exception <a 'java/lang/ClassNotFoundException': org/springframework/context/ApplicationContextAwareCustomizer> (0x00000000da2b39c8) thrown at [C:\re\workspace\8-2-build-windows-amd64-cygwin\jdk8u141\9370\hotspot\src\share\vm\classfile\systemDictionary.cp
Event: 15.363 Thread 0x000000000342b000 Exception <a 'java/lang/ClassNotFoundException': org/springframework/beans/factory/AwareCustomizer> (0x00000000da2dc918) thrown at [C:\re\workspace\8-2-build-windows-amd64-cygwin\jdk8u141\9370\hotspot\src\share\vm\classfile\systemDictionary.cpp, line 210]
Event: 15.364 Thread 0x000000000342b000 Exception <a 'java/lang/ClassNotFoundException': java/lang/ObjectCustomizer> (0x00000000da2eebd8) thrown at [C:\re\workspace\8-2-build-windows-amd64-cygwin\jdk8u141\9370\hotspot\src\share\vm\classfile\systemDictionary.cpp, line 210]
Event: 15.365 Thread 0x000000000342b000 Exception <a 'java/lang/ClassNotFoundException': org/springframework/cloud/openfeign/FeignClientPropertiesCustomizer> (0x00000000da324a08) thrown at [C:\re\workspace\8-2-build-windows-amd64-cygwin\jdk8u141\9370\hotspot\src\share\vm\classfile\systemDiction
Event: 15.435 Thread 0x000000000342b000 Exception <a 'java/lang/ClassNotFoundException': java/lang/ObjectCustomizer> (0x00000000da832ed8) thrown at [C:\re\workspace\8-2-build-windows-amd64-cygwin\jdk8u141\9370\hotspot\src\share\vm\classfile\systemDictionary.cpp, line 210]
Event: 15.436 Thread 0x000000000342b000 Exception <a 'java/lang/ClassNotFoundException': com/daihao/mall/thirdparty/MallThirdPartyApplicationTestsCustomizer> (0x00000000da868300) thrown at [C:\re\workspace\8-2-build-windows-amd64-cygwin\jdk8u141\9370\hotspot\src\share\vm\classfile\systemDiction

Events (10 events):
Event: 15.928 loading class com/aliyun/oss/internal/ResponseParsers$GetBucketReplicationLocationResponseParser
Event: 15.928 loading class com/aliyun/oss/internal/ResponseParsers$GetBucketReplicationLocationResponseParser done
Event: 15.928 loading class com/aliyun/oss/internal/ResponseParsers$GetBucketCnameResponseParser
Event: 15.928 loading class com/aliyun/oss/internal/ResponseParsers$GetBucketCnameResponseParser done
Event: 15.930 loading class com/aliyun/oss/internal/ResponseParsers$GetBucketInfoResponseParser
Event: 15.930 loading class com/aliyun/oss/internal/ResponseParsers$GetBucketInfoResponseParser done
Event: 15.931 loading class com/aliyun/oss/internal/ResponseParsers$GetBucketStatResponseParser
Event: 15.931 loading class com/aliyun/oss/internal/ResponseParsers$GetBucketStatResponseParser done
Event: 15.934 loading class com/aliyun/oss/internal/ResponseParsers$GetBucketQosResponseParser
Event: 15.934 loading class com/aliyun/oss/internal/ResponseParsers$GetBucketQosResponseParser done


Dynamic libraries:
0x00007ff6095f0000 - 0x00007ff609627000 	C:\Program Files\Java\jdk1.8.0_141\bin\java.exe
0x00007ff8f4d10000 - 0x00007ff8f4efd000 	C:\Windows\SYSTEM32\ntdll.dll
0x00007ff8f1f00000 - 0x00007ff8f1fb3000 	C:\Windows\System32\KERNEL32.DLL
0x00007ff8f0da0000 - 0x00007ff8f1033000 	C:\Windows\System32\KERNELBASE.dll
0x00007ff8f2810000 - 0x00007ff8f28b3000 	C:\Windows\System32\ADVAPI32.dll
0x00007ff8f2e30000 - 0x00007ff8f2ece000 	C:\Windows\System32\msvcrt.dll
0x00007ff8f1fc0000 - 0x00007ff8f205e000 	C:\Windows\System32\sechost.dll
0x00007ff8f4b20000 - 0x00007ff8f4c42000 	C:\Windows\System32\RPCRT4.dll
0x00007ff8f4820000 - 0x00007ff8f49b7000 	C:\Windows\System32\USER32.dll
0x00007ff8f1090000 - 0x00007ff8f10b0000 	C:\Windows\System32\win32u.dll
0x00007ff8f2fa0000 - 0x00007ff8f2fc9000 	C:\Windows\System32\GDI32.dll
0x00007ff8f1d60000 - 0x00007ff8f1ef9000 	C:\Windows\System32\gdi32full.dll
0x00007ff8f1ab0000 - 0x00007ff8f1b50000 	C:\Windows\System32\msvcp_win.dll
0x00007ff8f10b0000 - 0x00007ff8f11aa000 	C:\Windows\System32\ucrtbase.dll
0x00007ff8d9170000 - 0x00007ff8d93e9000 	C:\Windows\WinSxS\amd64_microsoft.windows.common-controls_6595b64144ccf1df_6.0.17763.737_none_05b6437c071e554b\COMCTL32.dll
0x00007ff8f2060000 - 0x00007ff8f238c000 	C:\Windows\System32\combase.dll
0x00007ff8f1980000 - 0x00007ff8f19fe000 	C:\Windows\System32\bcryptPrimitives.dll
0x00007ff8f2970000 - 0x00007ff8f299e000 	C:\Windows\System32\IMM32.DLL
0x0000000075c20000 - 0x0000000075cf2000 	C:\Program Files\Java\jdk1.8.0_141\jre\bin\msvcr100.dll
0x0000000075380000 - 0x0000000075c1d000 	C:\Program Files\Java\jdk1.8.0_141\jre\bin\server\jvm.dll
0x00007ff8f4620000 - 0x00007ff8f4628000 	C:\Windows\System32\PSAPI.DLL
0x00007ff8eb300000 - 0x00007ff8eb309000 	C:\Windows\SYSTEM32\WSOCK32.dll
0x00007ff8f2ed0000 - 0x00007ff8f2f3d000 	C:\Windows\System32\WS2_32.dll
0x00007ff8e8f50000 - 0x00007ff8e8f5a000 	C:\Windows\SYSTEM32\VERSION.dll
0x00007ff8eb230000 - 0x00007ff8eb254000 	C:\Windows\SYSTEM32\WINMM.dll
0x00007ff8eb110000 - 0x00007ff8eb13d000 	C:\Windows\SYSTEM32\WINMMBASE.dll
0x00007ff8f1040000 - 0x00007ff8f108a000 	C:\Windows\System32\cfgmgr32.dll
0x0000000075370000 - 0x000000007537f000 	C:\Program Files\Java\jdk1.8.0_141\jre\bin\verify.dll
0x0000000075340000 - 0x0000000075369000 	C:\Program Files\Java\jdk1.8.0_141\jre\bin\java.dll
0x0000000076170000 - 0x0000000076193000 	C:\Program Files\Java\jdk1.8.0_141\jre\bin\instrument.dll
0x0000000075320000 - 0x0000000075336000 	C:\Program Files\Java\jdk1.8.0_141\jre\bin\zip.dll
0x00007ff8f2fd0000 - 0x00007ff8f44c2000 	C:\Windows\System32\SHELL32.dll
0x00007ff8f28c0000 - 0x00007ff8f2968000 	C:\Windows\System32\shcore.dll
0x00007ff8f11d0000 - 0x00007ff8f191a000 	C:\Windows\System32\windows.storage.dll
0x00007ff8f0cd0000 - 0x00007ff8f0cf4000 	C:\Windows\System32\profapi.dll
0x00007ff8f0d00000 - 0x00007ff8f0d5d000 	C:\Windows\System32\powrprof.dll
0x00007ff8f2b70000 - 0x00007ff8f2bc2000 	C:\Windows\System32\shlwapi.dll
0x00007ff8f0d60000 - 0x00007ff8f0d71000 	C:\Windows\System32\kernel.appcore.dll
0x00007ff8f11b0000 - 0x00007ff8f11c7000 	C:\Windows\System32\cryptsp.dll
0x00007ff8cf760000 - 0x00007ff8cf77a000 	D:\Program Files (x86)\IntelliJ IDEA 2019.3.1\bin\breakgen64.dll
0x0000000075300000 - 0x000000007531a000 	C:\Program Files\Java\jdk1.8.0_141\jre\bin\net.dll
0x00007ff8f0540000 - 0x00007ff8f05a7000 	C:\Windows\system32\mswsock.dll
0x00000000752e0000 - 0x00000000752f1000 	C:\Program Files\Java\jdk1.8.0_141\jre\bin\nio.dll
0x00007ff8f0260000 - 0x00007ff8f029d000 	C:\Windows\SYSTEM32\IPHLPAPI.DLL
0x00007ff8f2b60000 - 0x00007ff8f2b68000 	C:\Windows\System32\NSI.dll
0x00007ff8e1970000 - 0x00007ff8e1986000 	C:\Windows\SYSTEM32\dhcpcsvc6.DLL
0x00007ff8e18f0000 - 0x00007ff8e190c000 	C:\Windows\SYSTEM32\dhcpcsvc.DLL
0x00007ff8f02a0000 - 0x00007ff8f0366000 	C:\Windows\SYSTEM32\DNSAPI.dll
0x00000000752d0000 - 0x00000000752dd000 	C:\Program Files\Java\jdk1.8.0_141\jre\bin\management.dll
0x00007ff8d2a90000 - 0x00007ff8d2aa6000 	C:\Windows\system32\napinsp.dll
0x00007ff8cff80000 - 0x00007ff8cff9a000 	C:\Windows\system32\pnrpnsp.dll
0x00007ff8cfbc0000 - 0x00007ff8cfbce000 	C:\Windows\System32\winrnr.dll
0x00007ff8e9960000 - 0x00007ff8e997b000 	C:\Windows\system32\NLAapi.dll
0x00007ff8d00d0000 - 0x00007ff8d00e5000 	C:\Windows\system32\wshbth.dll
0x00007ff8e0ba0000 - 0x00007ff8e0baa000 	C:\Windows\System32\rasadhlp.dll
0x00007ff8df530000 - 0x00007ff8df5a9000 	C:\Windows\System32\fwpuclnt.dll
0x00007ff8f1b50000 - 0x00007ff8f1b76000 	C:\Windows\System32\bcrypt.dll
0x00007ff8f00c0000 - 0x00007ff8f00f3000 	C:\Windows\system32\rsaenh.dll
0x00007ff8f0c00000 - 0x00007ff8f0c28000 	C:\Windows\SYSTEM32\USERENV.dll
0x00007ff8f0710000 - 0x00007ff8f071c000 	C:\Windows\SYSTEM32\CRYPTBASE.dll
0x00000000752a0000 - 0x00000000752c4000 	C:\Program Files\Java\jdk1.8.0_141\jre\bin\sunec.dll
0x0000000076150000 - 0x000000007615b000 	C:\Program Files\Java\jdk1.8.0_141\jre\bin\sunmscapi.dll
0x00007ff8f1b80000 - 0x00007ff8f1d5b000 	C:\Windows\System32\CRYPT32.dll
0x00007ff8f0d80000 - 0x00007ff8f0d92000 	C:\Windows\System32\MSASN1.dll

VM Arguments:
jvm_args: -ea -Didea.test.cyclic.buffer.size=1048576 -javaagent:D:\Program Files (x86)\IntelliJ IDEA 2019.3.1\lib\idea_rt.jar=61873:D:\Program Files (x86)\IntelliJ IDEA 2019.3.1\bin -Dfile.encoding=UTF-8 
java_command: com.intellij.rt.junit.JUnitStarter -ideVersion5 -junit5 com.daihao.mall.thirdparty.MallThirdPartyApplicationTests,contextLoads
java_class_path (initial): D:\Program Files (x86)\IntelliJ IDEA 2019.3.1\lib\idea_rt.jar;D:\Program Files (x86)\IntelliJ IDEA 2019.3.1\plugins\junit\lib\junit5-rt.jar;D:\Program Files (x86)\IntelliJ IDEA 2019.3.1\plugins\junit\lib\junit-rt.jar;C:\Program Files\Java\jdk1.8.0_141\jre\lib\charsets.jar;C:\Program Files\Java\jdk1.8.0_141\jre\lib\deploy.jar;C:\Program Files\Java\jdk1.8.0_141\jre\lib\ext\access-bridge-64.jar;C:\Program Files\Java\jdk1.8.0_141\jre\lib\ext\cldrdata.jar;C:\Program Files\Java\jdk1.8.0_141\jre\lib\ext\dnsns.jar;C:\Program Files\Java\jdk1.8.0_141\jre\lib\ext\jaccess.jar;C:\Program Files\Java\jdk1.8.0_141\jre\lib\ext\jfxrt.jar;C:\Program Files\Java\jdk1.8.0_141\jre\lib\ext\localedata.jar;C:\Program Files\Java\jdk1.8.0_141\jre\lib\ext\nashorn.jar;C:\Program Files\Java\jdk1.8.0_141\jre\lib\ext\sunec.jar;C:\Program Files\Java\jdk1.8.0_141\jre\lib\ext\sunjce_provider.jar;C:\Program Files\Java\jdk1.8.0_141\jre\lib\ext\sunmscapi.jar;C:\Program Files\Java\jdk1.8.0_141\jre\lib\ext\sunpkcs11.jar;C:\Program Files\Java\jdk1.8.0_141\jre\lib\ext\zipfs.jar;C:\Program Files\Java\jdk1.8.0_141\jre\lib\javaws.jar;C:\Program Files\Java\jdk1.8.0_141\jre\lib\jce.jar;C:\Program Files\Java\jdk1.8.0_141\jre\lib\jfr.jar;C:\Program Files\Java\jdk1.8.0_141\jre\lib\jfxswt.jar;C:\Program Files\Java\jdk1.8.0_141\jre\lib\jsse.jar;C:\Program Files\Java\jdk1.8.0_141\jre\lib\management-agent.jar;C:\Program Files\Java\jdk1.8.0_141\jre\lib\plugin.jar;C:\Program Files\Java\jdk1.8.0_141\jre\lib\resources.jar;C:\Program Files\Java\jdk1.8.0_141\jre\lib\rt.jar;D:\IDEWork\MyMall\mall-third-party\target\test-classes;D:\IDEWork\MyMall\mall-third-party\target\classes;D:\IDEWork\MyMall\mall-common\target\classes;A:\Apache\apache-maven-3.5.4-bin\repository\org\projectlombok\lombok\1.18.12\lombok-1.18.12.jar;A:\Apache\apache-maven-3.5.4-bin\repository\org\apache\httpcomponents\httpcore\4.4.13\httpcore-4.4.13.jar;A:\Apache\apache-maven-3.5.4-bin\repository\commons-lang\commons-lang\2.6\common
Launcher Type: SUN_STANDARD

Environment Variables:
JAVA_HOME=C:\Program Files\Java\jdk1.8.0_141
CLASSPATH=C:\Windows\system32;C:\Windows;C:\Windows\system32\WBEM;
PATH=C:\Program Files\Java\jdk1.8.0_141\bin;A:\Apache\apache-maven-3.5.4-bin\apache-maven-3.5.4\bin;C:\Windows\system32\WBEM;C:\ProgramData\Oracle\Java\javapath;C:\Windows\system32;C:\Windows;C:\Windows\System32\Wbem;C:\Windows\System32\WindowsPowerShell\v1.0\;C:\Windows\System32\OpenSSH\;C:\Program Files (x86)\NVIDIA Corporation\PhysX\Common;C:\Program Files\NVIDIA Corporation\NVIDIA NvDLISR;C:\Program Files\Intel\WiFi\bin\;C:\Program Files\Common Files\Intel\WirelessCommon\;D:\MySQL\MySQL Server 5.5\bin;D:\Program Files (x86)\IntelliJ IDEA 2018.3.2\bin;A:\Program Files\Git\cmd;A:\Program Files\nodejs\node_modules;A:\Program Files\;C:\Users\daiha\AppData\Local\Programs\Python\Python38\Scripts\;C:\Users\daiha\AppData\Local\Programs\Python\Python38\;A:\Èí¼þ\Bandizip\;C:\Users\daiha\AppData\Local\BypassRuntm;C:\Users\daiha\AppData\Local\GitHubDesktop\bin;A:\Program Files\nodejs\node_modules\npm;A:\Program Files\nodejs\node_modules;C:\Users\daiha\AppData\Roaming\npm
USERNAME=DAIHAO
OS=Windows_NT
PROCESSOR_IDENTIFIER=Intel64 Family 6 Model 142 Stepping 12, GenuineIntel



---------------  S Y S T E M  ---------------

OS: Windows 10.0 , 64 bit Build 17763 (10.0.17763.475)

CPU:total 8 (initial active 8) (4 cores per cpu, 2 threads per core) family 6 model 142 stepping 12, cmov, cx8, fxsr, mmx, sse, sse2, sse3, ssse3, sse4.1, sse4.2, popcnt, avx, avx2, aes, clmul, erms, 3dnowpref, lzcnt, ht, tsc, tscinvbit, bmi1, bmi2, adx

Memory: 4k page, physical 8230644k(177480k free), swap 18716272k(5648k free)

vm_info: Java HotSpot(TM) 64-Bit Server VM (25.141-b15) for windows-amd64 JRE (1.8.0_141-b15), built on Jul 12 2017 04:25:12 by "java_re" with MS VC++ 10.0 (VS2010)

time: Sun Apr 26 23:38:38 2020
elapsed time: 15 seconds (0d 0h 0m 15s)

